[debug] [2025-09-24T19:09:35.284Z] ----------------------------------------------------------------------
[debug] [2025-09-24T19:09:35.287Z] Command:       C:\Program Files\nodejs\node.exe C:\Users\Admin\AppData\Roaming\npm\node_modules\firebase-tools\lib\bin\firebase.js init
[debug] [2025-09-24T19:09:35.288Z] CLI Version:   14.17.0
[debug] [2025-09-24T19:09:35.288Z] Platform:      win32
[debug] [2025-09-24T19:09:35.288Z] Node Version:  v22.11.0
[debug] [2025-09-24T19:09:35.288Z] Time:          Thu Sep 25 2025 00:39:35 GMT+0530 (India Standard Time)
[debug] [2025-09-24T19:09:35.288Z] ----------------------------------------------------------------------
[debug] 
[debug] [2025-09-24T19:09:35.295Z] > command requires scopes: ["email","openid","https://www.googleapis.com/auth/cloudplatformprojects.readonly","https://www.googleapis.com/auth/firebase","https://www.googleapis.com/auth/cloud-platform"]
[debug] [2025-09-24T19:09:35.296Z] > authorizing via signed-in user (aakanted@gmail.com)
[info] 
     ######## #### ########  ######## ########     ###     ######  ########
     ##        ##  ##     ## ##       ##     ##  ##   ##  ##       ##
     ######    ##  ########  ######   ########  #########  ######  ######
     ##        ##  ##    ##  ##       ##     ## ##     ##       ## ##
     ##       #### ##     ## ######## ########  ##     ##  ######  ########

You're about to initialize a Firebase project in this directory:

  C:\Users\Admin\Documents\code\scribe

[info] 
=== Project Setup
[info] 
[info] First, let's associate this project directory with a Firebase project.
[info] You can create multiple project aliases by running firebase use --add, 
[info] but for now we'll just set up a default project.
[info] 
[debug] [2025-09-24T19:11:28.330Z] Checked if tokens are valid: true, expires at: 1758744446553
[debug] [2025-09-24T19:11:28.330Z] Checked if tokens are valid: true, expires at: 1758744446553
[debug] [2025-09-24T19:11:28.332Z] >>> [apiv2][query] GET https://firebase.googleapis.com/v1beta1/projects pageSize=100
[debug] [2025-09-24T19:11:28.995Z] <<< [apiv2][status] GET https://firebase.googleapis.com/v1beta1/projects 200
[debug] [2025-09-24T19:11:28.995Z] <<< [apiv2][body] GET https://firebase.googleapis.com/v1beta1/projects [omitted]
[info] i  Using project scribe-a7c82 (Scribe) 
[info] 
=== Hosting Setup
[debug] [2025-09-24T19:11:34.825Z] Checked if tokens are valid: true, expires at: 1758744446553
[debug] [2025-09-24T19:11:34.825Z] Checked if tokens are valid: true, expires at: 1758744446553
[debug] [2025-09-24T19:11:34.825Z] >>> [apiv2][query] GET https://firebase.googleapis.com/v1beta1/projects/scribe-a7c82 [none]
[debug] [2025-09-24T19:11:35.210Z] <<< [apiv2][status] GET https://firebase.googleapis.com/v1beta1/projects/scribe-a7c82 200
[debug] [2025-09-24T19:11:35.210Z] <<< [apiv2][body] GET https://firebase.googleapis.com/v1beta1/projects/scribe-a7c82 {"projectId":"scribe-a7c82","projectNumber":"841699939179","displayName":"Scribe","name":"projects/scribe-a7c82","resources":{"hostingSite":"scribe-a7c82"},"state":"ACTIVE","etag":"1_e919ae34-9bf0-4081-8c9d-5ed5a5601ca8"}
[info] 
[info] Your public directory is the folder (relative to your project directory) that
[info] will contain Hosting assets to be uploaded with firebase deploy. If you
[info] have a build process for your assets, use your build's output directory.
[info] 
